
> frontend@0.1.0 dev
> next dev --hostname 127.0.0.1 --port 3000

▲ Next.js 16.2.3 (Turbopack)
- Local:         http://127.0.0.1:3000
- Network:       http://127.0.0.1:3000
- Environments: .env.local
✓ Ready in 1548ms
Creating turbopack project {
  dir: 'C:\\Users\\91744\\Desktop\\Project_Evaluation\\ProEval_ai\\ProEval_Frontend',
  testMode: true
}

 GET /admin/projects 200 in 2.2s (next.js: 1175ms, application-code: 980ms)
 GET /admin/evaluations 200 in 485ms (next.js: 176ms, application-code: 308ms)
 GET /admin/evaluations 200 in 269ms (next.js: 23ms, application-code: 245ms)
 GET /admin/dashboard 200 in 726ms (next.js: 537ms, application-code: 189ms)
✓ Compiled in 4s
 GET /admin/dashboard 200 in 183ms (next.js: 21ms, application-code: 162ms)
 GET /admin/dashboard 200 in 1583ms (next.js: 456ms, application-code: 1128ms)
✓ Compiled in 277ms
 GET /admin/dashboard 200 in 1213ms (next.js: 301ms, application-code: 912ms)
 GET /admin/dashboard 200 in 614ms (next.js: 16ms, application-code: 598ms)
 GET /admin/dashboard 200 in 358ms (next.js: 14ms, application-code: 345ms)
 GET /admin/users 200 in 580ms (next.js: 204ms, application-code: 375ms)
 GET /admin/projects 200 in 1128ms (next.js: 420ms, application-code: 708ms)
 GET /admin/evaluations 200 in 1337ms (next.js: 450ms, application-code: 887ms)
 GET /admin/evaluations 200 in 1478ms (next.js: 322ms, application-code: 1157ms)
✓ Compiled in 2.6s
 GET /admin/evaluations 500 in 3.5s (next.js: 1434ms, application-code: 2.1s)
 GET /admin/evaluations 500 in 99ms (next.js: 53ms, application-code: 46ms)
 GET /admin/evaluations 500 in 76ms (next.js: 48ms, application-code: 28ms)
✓ Compiled in 1456ms
 GET /admin/evaluations 200 in 240ms (next.js: 11ms, application-code: 229ms)
 GET /admin/evaluations 200 in 245ms (next.js: 12ms, application-code: 234ms)
 GET /admin/evaluations 200 in 669ms (next.js: 150ms, application-code: 519ms)
 GET /admin/evaluations 200 in 238ms (next.js: 16ms, application-code: 221ms)
 GET /admin/evaluations 200 in 89ms (next.js: 13ms, application-code: 76ms)
 GET /admin/projects 200 in 335ms (next.js: 96ms, application-code: 239ms)
 GET /admin/users 200 in 451ms (next.js: 71ms, application-code: 379ms)
 GET /admin/users 200 in 278ms (next.js: 15ms, application-code: 263ms)
 GET /admin/dashboard 200 in 234ms (next.js: 50ms, application-code: 184ms)
✓ Compiled in 428ms
 GET /admin/evaluations 200 in 1510ms (next.js: 1141ms, application-code: 368ms)
 GET /admin/evaluations 200 in 283ms (next.js: 65ms, application-code: 217ms)
 GET /admin/dashboard 200 in 1658ms (next.js: 324ms, application-code: 1334ms)
 GET /admin/dashboard 200 in 400ms (next.js: 6ms, application-code: 394ms)
 GET /admin/evaluations 200 in 465ms (next.js: 14ms, application-code: 452ms)
 GET /admin/evaluations 200 in 338ms (next.js: 16ms, application-code: 323ms)
 GET /admin/dashboard 200 in 339ms (next.js: 103ms, application-code: 236ms)
 GET /admin/dashboard 200 in 129ms (next.js: 10ms, application-code: 119ms)
✓ Compiled in 802ms
 GET /admin/dashboard 200 in 239ms (next.js: 102ms, application-code: 137ms)
 GET /admin/evaluations 200 in 251ms (next.js: 153ms, application-code: 98ms)
✓ Compiled in 136ms
 GET /admin/evaluations 200 in 457ms (next.js: 323ms, application-code: 133ms)
 GET /admin/dashboard 200 in 462ms (next.js: 88ms, application-code: 374ms)
✓ Compiled in 256ms
 GET /admin/evaluations 200 in 363ms (next.js: 191ms, application-code: 172ms)
✓ Compiled in 869ms
 GET /admin/evaluations 500 in 127ms (next.js: 88ms, application-code: 39ms)
 GET /admin/evaluations 500 in 26ms (next.js: 14ms, application-code: 12ms)
 GET /admin/evaluations 500 in 26ms (next.js: 15ms, application-code: 11ms)
✓ Compiled in 344ms
 GET / 500 in 165ms (next.js: 140ms, application-code: 25ms)
 GET /admin/evaluations 500 in 80ms (next.js: 54ms, application-code: 26ms)
 GET /admin/dashboard 500 in 45ms (next.js: 24ms, application-code: 22ms)
 GET /admin/dashboard 500 in 66ms (next.js: 33ms, application-code: 33ms)
 GET /admin/dashboard 500 in 46ms (next.js: 24ms, application-code: 21ms)
 GET /admin/dashboard 500 in 48ms (next.js: 25ms, application-code: 23ms)
✓ Compiled in 2s
 GET /admin/dashboard 200 in 3.8s (next.js: 797ms, application-code: 3.0s)
 GET /admin/evaluations 200 in 1234ms (next.js: 742ms, application-code: 493ms)
 GET /admin/dashboard 200 in 1264ms (next.js: 840ms, application-code: 424ms)
 GET / 200 in 1297ms (next.js: 125ms, application-code: 1173ms)
 GET /admin/evaluations 200 in 325ms (next.js: 13ms, application-code: 312ms)
 GET /admin/evaluations 200 in 120ms (next.js: 10ms, application-code: 110ms)
 GET /admin/evaluations 200 in 311ms (next.js: 52ms, application-code: 259ms)
 GET /admin/evaluations 200 in 118ms (next.js: 9ms, application-code: 109ms)
 GET /admin/evaluations 200 in 117ms (next.js: 6ms, application-code: 111ms)
 GET /admin/evaluations 200 in 111ms (next.js: 7ms, application-code: 104ms)
 GET /api/admin/evaluations 404 in 1034ms (next.js: 552ms, application-code: 483ms)
 GET /admin/evaluations 200 in 300ms (next.js: 46ms, application-code: 254ms)
 GET / 200 in 4.1s (next.js: 2.5s, application-code: 1618ms)
 GET /login 200 in 875ms (next.js: 758ms, application-code: 116ms)
 GET /student/dashboard 200 in 287ms (next.js: 185ms, application-code: 102ms)
 GET /student/team 200 in 547ms (next.js: 220ms, application-code: 327ms)
 GET /student/my-team 200 in 324ms (next.js: 179ms, application-code: 145ms)
 GET /student/my-team 200 in 67ms (next.js: 12ms, application-code: 54ms)
 GET /student/submit/phase2 200 in 244ms (next.js: 175ms, application-code: 69ms)
 GET /student/submit/hub 200 in 225ms (next.js: 162ms, application-code: 63ms)
 GET /student/feedback 200 in 385ms (next.js: 194ms, application-code: 191ms)
✓ Compiled in 3.1s
 GET /student/feedback 200 in 1782ms (next.js: 647ms, application-code: 1135ms)
 GET /student/feedback 200 in 1200ms (next.js: 638ms, application-code: 562ms)
 GET /student/feedback 200 in 171ms (next.js: 11ms, application-code: 160ms)
 GET /student/feedback 200 in 671ms (next.js: 59ms, application-code: 612ms)
 GET /student/team 200 in 8.8s (next.js: 2.7s, application-code: 6.1s)
 GET /student/team 200 in 3.3s (next.js: 72ms, application-code: 3.2s)
 GET /student/my-team 200 in 4.7s (next.js: 4.5s, application-code: 160ms)
 GET /student/my-team 200 in 176ms (next.js: 25ms, application-code: 151ms)
 GET /student/submit/final 200 in 334ms (next.js: 263ms, application-code: 71ms)
 GET /student/submit/hub 200 in 129ms (next.js: 66ms, application-code: 63ms)
 GET /student/dashboard 200 in 1009ms (next.js: 505ms, application-code: 504ms)
 GET /admin/dashboard 200 in 637ms (next.js: 350ms, application-code: 287ms)
 GET /admin/users 200 in 2.3s (next.js: 782ms, application-code: 1518ms)
 GET / 200 in 529ms (next.js: 102ms, application-code: 427ms)
 GET /login 200 in 257ms (next.js: 116ms, application-code: 141ms)
 GET /student/dashboard 200 in 124ms (next.js: 21ms, application-code: 103ms)
 GET /student/team 200 in 171ms (next.js: 26ms, application-code: 145ms)
 GET /student/my-team 200 in 121ms (next.js: 16ms, application-code: 105ms)
 GET /student/my-team 200 in 55ms (next.js: 12ms, application-code: 43ms)
 GET /student/submit/hub 200 in 112ms (next.js: 20ms, application-code: 92ms)
 GET /admin/dashboard 200 in 125ms (next.js: 17ms, application-code: 108ms)
 GET /admin/users 200 in 252ms (next.js: 20ms, application-code: 232ms)
 GET /admin/evaluations 200 in 375ms (next.js: 129ms, application-code: 245ms)
 GET /login 200 in 718ms (next.js: 270ms, application-code: 448ms)
 GET /student/dashboard 200 in 172ms (next.js: 34ms, application-code: 138ms)
 GET /student/feedback 200 in 587ms (next.js: 40ms, application-code: 546ms)
 GET /student/team 200 in 296ms (next.js: 15ms, application-code: 281ms)
 GET /student/feedback 200 in 1085ms (next.js: 150ms, application-code: 935ms)
✓ Compiled in 1031ms
 GET /student/feedback 200 in 1872ms (next.js: 909ms, application-code: 963ms)
 GET /login 200 in 1196ms (next.js: 101ms, application-code: 1095ms)
 GET /student/dashboard 200 in 513ms (next.js: 313ms, application-code: 200ms)
 GET /student/team 200 in 733ms (next.js: 86ms, application-code: 647ms)
 GET /student/my-team 200 in 430ms (next.js: 114ms, application-code: 317ms)
 GET /student/my-team 200 in 155ms (next.js: 11ms, application-code: 144ms)
 GET /student/submit/hub 200 in 177ms (next.js: 72ms, application-code: 105ms)
 GET /student/submit/final 200 in 138ms (next.js: 63ms, application-code: 75ms)
 GET /student/submit/hub 200 in 65ms (next.js: 11ms, application-code: 54ms)
 GET /student/feedback 200 in 261ms (next.js: 34ms, application-code: 228ms)
 GET /student/profile 404 in 325ms (next.js: 90ms, application-code: 235ms)
 GET /student/feedback 200 in 243ms (next.js: 43ms, application-code: 201ms)
✓ Compiled in 3s
 GET /student/feedback 200 in 1371ms (next.js: 715ms, application-code: 656ms)
 GET /student/feedback 200 in 4.7s (next.js: 1317ms, application-code: 3.3s)
 GET /student/team 200 in 445ms (next.js: 151ms, application-code: 294ms)
 GET /student/my-team 200 in 661ms (next.js: 374ms, application-code: 287ms)
 GET /student/my-team 200 in 75ms (next.js: 14ms, application-code: 62ms)
 GET /student/submit/hub 200 in 123ms (next.js: 56ms, application-code: 67ms)
 GET /login 200 in 333ms (next.js: 127ms, application-code: 206ms)
 GET /student/dashboard 200 in 180ms (next.js: 63ms, application-code: 117ms)
 GET /student/team 200 in 635ms (next.js: 48ms, application-code: 587ms)
 GET /student/my-team 200 in 187ms (next.js: 22ms, application-code: 165ms)
 GET /student/my-team 200 in 88ms (next.js: 19ms, application-code: 68ms)
✓ Compiled in 3s
 GET /student/my-team 200 in 8.4s (next.js: 4.6s, application-code: 3.8s)
○ Compiling /student/interview/[id] ...
 GET /student/interview/8a5e8c3f-75ea-48c1-9a83-a772897a8f2f 500 in 14.8s (next.js: 14.5s, application-code: 336ms)
 GET /student/interview/8a5e8c3f-75ea-48c1-9a83-a772897a8f2f 500 in 67ms (next.js: 35ms, application-code: 32ms)
✓ Compiled in 7.5s
 GET /student/interview/8a5e8c3f-75ea-48c1-9a83-a772897a8f2f 200 in 4.4s (next.js: 2.4s, application-code: 1987ms)
 GET /student/dashboard 200 in 2.4s (next.js: 562ms, application-code: 1869ms)
 GET /student/feedback 200 in 753ms (next.js: 228ms, application-code: 525ms)
 GET /student/team 200 in 434ms (next.js: 121ms, application-code: 314ms)
 GET /student/my-team 200 in 280ms (next.js: 65ms, application-code: 214ms)
 GET /student/my-team 200 in 97ms (next.js: 22ms, application-code: 75ms)
 GET /student/interview/8a5e8c3f-75ea-48c1-9a83-a772897a8f2f 200 in 1334ms (next.js: 485ms, application-code: 849ms)
 GET /login 200 in 576ms (next.js: 197ms, application-code: 379ms)
 GET /student/dashboard 200 in 218ms (next.js: 43ms, application-code: 175ms)
 GET /student/team 200 in 788ms (next.js: 44ms, application-code: 744ms)
 GET /student/my-team 200 in 137ms (next.js: 30ms, application-code: 107ms)
 GET /student/my-team 200 in 103ms (next.js: 19ms, application-code: 83ms)
 GET /student/submit/hub 200 in 326ms (next.js: 118ms, application-code: 207ms)
 GET /student/submit/hub 200 in 276ms (next.js: 17ms, application-code: 259ms)
 GET /student/submit/hub 200 in 3.3s (next.js: 1282ms, application-code: 1984ms)
 GET /student/submit/final 200 in 631ms (next.js: 207ms, application-code: 424ms)
 GET /student/submit/hub 200 in 122ms (next.js: 18ms, application-code: 104ms)
 GET /student/dashboard 200 in 584ms (next.js: 356ms, application-code: 227ms)
 GET /student/feedback 200 in 2.5s (next.js: 408ms, application-code: 2.1s)
 GET /student/team 200 in 1161ms (next.js: 250ms, application-code: 912ms)
 GET /student/my-team 200 in 2.9s (next.js: 1104ms, application-code: 1795ms)
 GET /student/my-team 200 in 270ms (next.js: 48ms, application-code: 222ms)
 GET /student/interview/8a5e8c3f-75ea-48c1-9a83-a772897a8f2f 200 in 512ms (next.js: 141ms, application-code: 371ms)
✓ Compiled in 3.2s
 GET /student/interview/8a5e8c3f-75ea-48c1-9a83-a772897a8f2f 200 in 2.9s (next.js: 2.1s, application-code: 816ms)
 GET /student/interview/8a5e8c3f-75ea-48c1-9a83-a772897a8f2f 200 in 1314ms (next.js: 42ms, application-code: 1272ms)
✓ Compiled in 3.1s
 GET /student/interview/8a5e8c3f-75ea-48c1-9a83-a772897a8f2f 200 in 3.5s (next.js: 1096ms, application-code: 2.4s)
✓ Compiled in 1288ms
 GET /student/interview/8a5e8c3f-75ea-48c1-9a83-a772897a8f2f 200 in 848ms (next.js: 468ms, application-code: 380ms)
 GET /student/interview/8a5e8c3f-75ea-48c1-9a83-a772897a8f2f 200 in 1751ms (next.js: 180ms, application-code: 1570ms)
